<?xml version="1.0" encoding="UTF-8" ?>
<testsuite failures="0" time="0.061" errors="0" skipped="0" tests="5" name="com.softcomputer.genetrace.ReadFromFileTest">
  <properties>
[...]
</properties>
  <testcase time="0.005" classname="com.softcomputer.genetrace.ReadFromFileTest" name="nextLineTest"/>
  <testcase time="0.001" classname="com.softcomputer.genetrace.ReadFromFileTest" name="objectIsNullTest"/>
  <testcase time="0.011" classname="com.softcomputer.genetrace.ReadFromFileTest" name="notExistPhraseTest"/>
  <testcase time="0.006" classname="com.softcomputer.genetrace.ReadFromFileTest" name="amountPhraseWithDateTest"/>
  <testcase time="0" classname="com.softcomputer.genetrace.ReadFromFileTest" name="containLinesBetweenDatesTest"/>
</testsuite>